--------------------
q2 > Test #3

name:        check-equal?
location:    q2-bb.rkt:143:4
expression:  (check-equal? (length (world-balls (world-after-n-ticks WORLD-2NEW-BALLS-10-TICK 106))) 1 (++ "world after 115 ticks(first new ball hits the bottom wall) + 1 tick " "should remove the first added new ball"))
params:      '(3 1)
message:     "world after 115 ticks(first new ball hits the bottom wall) + 1 tick should remove the first added new ball"
actual:      3
expected:    1
--------------------
--------------------
q2 > Test #4

name:        check-equal?
location:    q2-bb.rkt:154:4
expression:  (check-equal? (length (world-balls (world-after-n-ticks WORLD-2NEW-BALLS-10-TICK 116))) 0 (++ "world after 125 ticks(second new ball hits the bottom wall) + 1 tick " "should remove the second added new ball"))
params:      '(3 0)
message:     "world after 125 ticks(second new ball hits the bottom wall) + 1 tick should remove the second added new ball"
actual:      3
expected:    0
--------------------
13 success(es) 2 failure(s) 0 error(s) 15 test(s) run
extras.rkt Wed Sep 14 08:52:19 2016
q2.rkt appears to be in a correctly named folder. Running tests...
Running tests from q2.rkt...
All tests passed (71 tests).
2
